[21.07.17 16:35:45] Loaded Event: Apil Fool's Day [state: deactivated]
[21.07.17 16:35:45] Loaded Event: Christmas [state: deactivated]
[21.07.17 16:35:45] Loaded Event: Coffer of Shadows [state: deactivated]
[21.07.17 16:35:45] Loaded CustomDropItems: CustomDropItems [state: activated]
[21.07.17 16:35:45] Duplicate properties name "AllowedItems" replaced with new value.
[21.07.17 16:35:45] Loaded Service: EventsConfig
[21.07.17 16:35:45] Loaded Event: Fight Club
[21.07.17 16:35:45] Loaded Event: Freya Celebration [state: deactivated]
[21.07.17 16:35:45] Loaded Event: Gift Of Vitality [state: deactivated]
[21.07.17 16:35:45] Loaded Event: Hitman
[21.07.17 16:35:45] Loaded Event: March 8 [state: deactivated]
[21.07.17 16:35:45] Loaded Event: Master of Enchanting [state: deactivated]
[21.07.17 16:35:45] Loaded Event: PcCafePointsExchange [state: deactivated]
[21.07.17 16:35:45] Loaded Event: PiratesTreasure loaded.
[21.07.17 16:35:45] Loaded Event: SavingSnowman [state: deactivated]
[21.07.17 16:35:45] Loaded Event: Summer Meleons [state: deactivated]
[21.07.17 16:35:45] Loaded Event: The Fall Harvest [state: deactivated]
[21.07.17 16:35:45] Loaded Event: The Flow Of The Horror [state: deactivated]
[21.07.17 16:35:45] Loaded Event: Trick of Trnasmutation [state: deactivated]
[21.07.17 16:35:45] Loaded Event: TvT Arena 1 [state: deactivated]
[21.07.17 16:35:45] Loaded Event: TvT Arena 2 [state: deactivated]
[21.07.17 16:35:45] Loaded Event: TvT Arena 3 [state: deactivated]
[21.07.17 16:35:45] Loaded Event: Viktorina
[21.07.17 16:35:45] Loaded Event: Bounty Hunters Guild
[21.07.17 16:35:45] Loaded Event: L2 Medal Collection Event [state: deactivated]
[21.07.17 16:35:45] Loaded Event: Change of Heart[state: deactivated]
[21.07.17 16:35:45] Loaded Event: null [state: deactivated]
[21.07.17 16:35:45] Loaded Event: l2day [state: deactivated]
