[21.07.17 16:35:32:215]  INFO gameserver.GameServer: =================================================
[21.07.17 16:35:32:217]  INFO gameserver.GameServer: Copyright: ............... L2Mythras.EU
[21.07.17 16:35:32:218]  INFO gameserver.GameServer: Update: .................. 993 contact L2Mythras.eu Team
[21.07.17 16:35:32:218]  INFO gameserver.GameServer: Chronicle: ............... High Five Part 5
[21.07.17 16:35:32:218]  INFO gameserver.GameServer: =================================================
[21.07.17 16:35:32:251]  INFO gameserver.Config: Loaded 6 trade words.
[21.07.17 16:35:32:257]  INFO gameserver.Config: Abuse: Loaded 153 abuse words.
[21.07.17 16:35:32:502]  INFO gameserver.GameServer: =======[Loading Protection Configuration]========
[21.07.17 16:35:32:506]  INFO idfactory.IdFactory: IdFactory: Clear characters online status.
[21.07.17 16:35:32:524]  INFO idfactory.IdFactory: IdFactory: Cleaned 0 elements from database in 0sec.
[21.07.17 16:35:32:530]  INFO idfactory.IdFactory: IdFactory: Extracted 1 used id's from characters
[21.07.17 16:35:32:531]  INFO idfactory.IdFactory: IdFactory: Extracted 19 used id's from items
[21.07.17 16:35:32:532]  INFO idfactory.IdFactory: IdFactory: Extracted total 20 used id's.
[21.07.17 16:35:32:532]  INFO idfactory.BitSetIDFactory: IdFactory: 102912 id's available.
[21.07.17 16:35:32:737]  INFO gameserver.GameServer: ===============[Loading Scripts]==================
[21.07.17 16:35:32:738]  INFO scripts.Scripts: Scripts: Loading...
[21.07.17 16:35:32:738]  INFO scripts.Scripts: Loading Server Scripts
[21.07.17 16:35:33:175]  INFO scripts.Scripts: Scripts: Loaded 1269 classes.
[21.07.17 16:35:33:197]  INFO vote.VoteMain: Loaded: Vote System - Individual Reward.
[21.07.17 16:35:33:213]  INFO tables.FakePlayersTable: FakePlayersTable: Loaded 32002 Fake Players.
[21.07.17 16:35:33:219]  INFO utils.Strings: Loaded 418 translit entries.
[21.07.17 16:35:33:221]  INFO gameserver.GameTimeController: GameTimeController: initialized. Current time is 9:33 in the day.
[21.07.17 16:35:33:222]  INFO gameserver.GameServer: ------------------------------------------------------------=[ Lineage World ]
[21.07.17 16:35:33:222]  INFO model.World: L2World: Creating regions: [256][272][32].
[21.07.17 16:35:33:222]  INFO gameserver.GameServer: ==============================================================================
[21.07.17 16:35:33:223]  INFO htm.HtmCache: HtmCache: disabled.
[21.07.17 16:35:33:231]  INFO data.StringHolder: StringHolder: load strings: 560 for lang: RUSSIAN
[21.07.17 16:35:33:231]  INFO data.StringHolder: StringHolder: load strings: 670 for lang: ENGLISH
[21.07.17 16:35:36:434]  INFO skills.SkillsEngine: SkillsEngine: Loaded 66067 skill templates from XML files. Max id: 91000, max level: 259
[21.07.17 16:35:37:250]  INFO holder.OptionDataHolder: OptionDataHolder: loaded 24975 option data(s) count.
[21.07.17 16:35:38:163]  INFO holder.ItemHolder: ItemHolder: loaded 19246 item(s) count.
[21.07.17 16:35:39:938]  INFO holder.NpcHolder: NpcHolder: loaded 10560 npc(s) count.
[21.07.17 16:35:39:946]  INFO instancemanager.MapRegionManager: MapRegionManager: loaded 272 map region manager(s) count.
[21.07.17 16:35:39:961]  INFO instancemanager.MapRegionManager: MapRegionManager: loaded 272 map region manager(s) count.
[21.07.17 16:35:40:002]  INFO holder.ExchangeItemHolder: ExchangeItemHolder: loaded 602 exchange item(s) count.
[21.07.17 16:35:40:005]  INFO holder.StaticObjectHolder: StaticObjectHolder: loaded 50 static object(s) count.
[21.07.17 16:35:40:174]  INFO holder.DoorHolder: DoorHolder: loaded 1155 door(s) count.
[21.07.17 16:35:40:268]  INFO holder.ZoneHolder: ZoneHolder: loaded 1236 zone(s) count.
[21.07.17 16:35:40:755]  INFO holder.SpawnHolder: SpawnHolder: loaded 30022 spawn(s) count.
[21.07.17 16:35:40:855]  INFO holder.InstantZoneHolder: InstantZoneHolder: loaded 93 instant zone(s) count.
[21.07.17 16:35:41:635]  INFO holder.AirshipDockHolder: AirshipDockHolder: loaded 4 airship dock(s) count.
[21.07.17 16:35:41:713]  INFO holder.SkillAcquireHolder: SkillAcquireHolder: load 57215 normal learns for 103 classes.
[21.07.17 16:35:41:713]  INFO holder.SkillAcquireHolder: SkillAcquireHolder: load 79 transfer learns for 3 classes.
[21.07.17 16:35:41:713]  INFO holder.SkillAcquireHolder: SkillAcquireHolder: load 120 transformation learns for 6 races.
[21.07.17 16:35:41:713]  INFO holder.SkillAcquireHolder: SkillAcquireHolder: load 662 fishing learns for 6 races.
[21.07.17 16:35:41:713]  INFO holder.SkillAcquireHolder: SkillAcquireHolder: load 72 certification learns.
[21.07.17 16:35:41:713]  INFO holder.SkillAcquireHolder: SkillAcquireHolder: load 3 collection learns.
[21.07.17 16:35:41:713]  INFO holder.SkillAcquireHolder: SkillAcquireHolder: load 44 pledge learns.
[21.07.17 16:35:41:713]  INFO holder.SkillAcquireHolder: SkillAcquireHolder: load 18 sub unit learns.
[21.07.17 16:35:41:728]  INFO holder.CharTemplateHolder: CharTemplateHolder: loaded 206 char template(s) count.
[21.07.17 16:35:41:849]  INFO holder.ResidenceHolder: ResidenceHolder: total size: 83
[21.07.17 16:35:41:849]  INFO holder.ResidenceHolder: ResidenceHolder:  - load 21 fortress(s).
[21.07.17 16:35:41:850]  INFO holder.ResidenceHolder: ResidenceHolder:  - load 9 dominion(s).
[21.07.17 16:35:41:850]  INFO holder.ResidenceHolder: ResidenceHolder:  - load 44 clanhall(s).
[21.07.17 16:35:41:850]  INFO holder.ResidenceHolder: ResidenceHolder:  - load 9 castle(s).
[21.07.17 16:35:41:925]  INFO instancemanager.RaidBossSpawnManager: RaidBossSpawnManager: Loaded 194 Statuses
[21.07.17 16:35:41:949]  INFO entity.SevenSigns: SevenSigns: Currently in the Competition (Quest Event) period!
[21.07.17 16:35:41:949]  INFO entity.SevenSigns: SevenSigns: The Seal of Avarice remains unclaimed.
[21.07.17 16:35:41:949]  INFO entity.SevenSigns: SevenSigns: The Seal of Gnosis remains unclaimed.
[21.07.17 16:35:41:949]  INFO entity.SevenSigns: SevenSigns: The Seal of Strife remains unclaimed.
[21.07.17 16:35:41:949]  INFO entity.SevenSigns: SevenSigns: The Competition this week, if the trend continue, will end with a tie.
[21.07.17 16:35:41:950]  INFO entity.SevenSigns: SevenSigns: Next period begins in 3 days, 1 hours and 24 mins.
[21.07.17 16:35:42:208]  INFO holder.EventHolder: EventHolder: loaded 101 event(s) count.
[21.07.17 16:35:42:224]  INFO holder.FightClubMapHolder: FightClubMapHolder: loaded 27 fight club map(s) count.
[21.07.17 16:35:42:232]  INFO holder.CubicHolder: CubicHolder: loaded 145 cubic(s) count.
[21.07.17 16:35:42:321]  INFO holder.BuyListHolder: TradeController: Loaded 4 file(s).
[21.07.17 16:35:42:321]  INFO holder.BuyListHolder: TradeController: Loaded 25022 Items.
[21.07.17 16:35:42:321]  INFO holder.BuyListHolder: TradeController: Loaded 727 Buylists.
[21.07.17 16:35:42:418]  INFO holder.RecipeHolder: RecipeController: Loaded 998 Recipes.
[21.07.17 16:35:42:751]  INFO holder.ProductHolder: ProductItemTable: Loaded 0 product item on sale.
[21.07.17 16:35:42:765]  INFO holder.HennaHolder: HennaHolder: loaded 180 henna(s) count.
[21.07.17 16:35:42:801]  INFO holder.EnchantItemHolder: EnchantItemHolder: load 4 enchant scroll(s).
[21.07.17 16:35:42:806]  INFO holder.SoulCrystalHolder: SoulCrystalHolder: loaded 54 soul crystal(s) count.
[21.07.17 16:35:42:811]  INFO holder.ArmorSetsHolder: ArmorSetsHolder: loaded 199 armor sets(s) count.
[21.07.17 16:35:42:818]  INFO holder.PetitionGroupHolder: PetitionGroupHolder: loaded 3 petition group(s) count.
[21.07.17 16:35:42:822]  INFO holder.DressArmorHolder: DressArmorHolder: loaded 16 dress armor(s) count.
[21.07.17 16:35:42:825]  INFO holder.DressCloakHolder: DressCloakHolder: loaded 15 dress cloak(s) count.
[21.07.17 16:35:42:829]  INFO holder.DressShieldHolder: DressShieldHolder: loaded 12 dress shield(s) count.
[21.07.17 16:35:42:834]  INFO holder.DressWeaponHolder: DressWeaponHolder: loaded 402 dress weapon(s) count.
[21.07.17 16:35:42:915]  INFO holder.AugmentationDataHolder: AugmentationDataHolder: loaded 1022 augmentation data(s) count.
[21.07.17 16:35:42:920]  INFO holder.PremiumHolder: PremiumHolder: loaded 7 premium(s) count.
[21.07.17 16:35:42:924]  INFO holder.FoundationHolder: FoundationHolder: loaded 279 foundation(s) count.
[21.07.17 16:35:42:934]  INFO holder.DonationHolder: DonationHolder: loaded 211 donation(s) count.
[21.07.17 16:35:42:934]  INFO gameserver.GameServer: -------------------------------------------------------------=[ Banned HWIDS ]
[21.07.17 16:35:42:936]  INFO security.HWIDBan: black list (Hwid) loaded size: 0
[21.07.17 16:35:42:936]  INFO gameserver.GameServer: --------------------------------------------------------------=[ Clan Crests ]
[21.07.17 16:35:42:943]  INFO cache.CrestCache: CrestCache: Loaded 0 crests
[21.07.17 16:35:42:943]  INFO gameserver.GameServer: ===============[Loading Images]==================
[21.07.17 16:35:45:441]  INFO cache.ImagesCache: Loaded 185 Images!
[21.07.17 16:35:45:442]  INFO gameserver.GameServer: ==============================================================================
[21.07.17 16:35:45:451]  INFO gameserver.GameServer: ---------------------------------------------------------------=[ Fish Table ]
[21.07.17 16:35:45:456]  INFO tables.FishTable: FishTable: Loaded 270 fishes.
[21.07.17 16:35:45:459]  INFO tables.FishTable: FishTable: Loaded 919 fish rewards.
[21.07.17 16:35:45:460]  INFO gameserver.GameServer: -------------------------------------------------------------------=[ Skills ]
[21.07.17 16:35:45:460]  INFO tables.SkillTreeTable: SkillTreeTable: Loaded 526 enchanted skills.
[21.07.17 16:35:45:462]  INFO gameserver.GameServer: --------------------------------------------------------=[ Augmentation Data ]
[21.07.17 16:35:45:467]  INFO tables.AugmentationData: Initializing AugmentationData.
[21.07.17 16:35:45:492]  INFO tables.AugmentationData: AugmentationData: 10 bad skill(s) were skipped.
[21.07.17 16:35:45:500]  INFO tables.AugmentationData: AugmentationData: Loaded: 52 augmentation stats.
[21.07.17 16:35:45:500]  INFO tables.AugmentationData: AugmentationData: Loaded: 24 accessory augmentation stats.
[21.07.17 16:35:45:500]  INFO tables.AugmentationData: AugmentationData: Loaded: 17 blue, 106 purple and 54 red skills for lifeStoneLevel 0
[21.07.17 16:35:45:503]  INFO tables.AugmentationData: AugmentationData: Loaded: 17 blue, 106 purple and 54 red skills for lifeStoneLevel 1
[21.07.17 16:35:45:507]  INFO tables.AugmentationData: AugmentationData: Loaded: 17 blue, 106 purple and 54 red skills for lifeStoneLevel 2
[21.07.17 16:35:45:509]  INFO tables.AugmentationData: AugmentationData: Loaded: 17 blue, 106 purple and 54 red skills for lifeStoneLevel 3
[21.07.17 16:35:45:511]  INFO tables.AugmentationData: AugmentationData: Loaded: 17 blue, 106 purple and 54 red skills for lifeStoneLevel 4
[21.07.17 16:35:45:512]  INFO tables.AugmentationData: AugmentationData: Loaded: 17 blue, 106 purple and 54 red skills for lifeStoneLevel 5
[21.07.17 16:35:45:514]  INFO tables.AugmentationData: AugmentationData: Loaded: 17 blue, 106 purple and 54 red skills for lifeStoneLevel 6
[21.07.17 16:35:45:516]  INFO tables.AugmentationData: AugmentationData: Loaded: 17 blue, 106 purple and 54 red skills for lifeStoneLevel 7
[21.07.17 16:35:45:517]  INFO tables.AugmentationData: AugmentationData: Loaded: 17 blue, 106 purple and 54 red skills for lifeStoneLevel 8
[21.07.17 16:35:45:519]  INFO tables.AugmentationData: AugmentationData: Loaded: 17 blue, 106 purple and 54 red skills for lifeStoneLevel 9
[21.07.17 16:35:45:526]  INFO tables.EnchantHPBonusTable: EnchantHPBonusTable: Loaded bonuses for 6 grades.
[21.07.17 16:35:45:526]  INFO gameserver.GameServer: -----------------------------------------------------------=[ Level Up Table ]
[21.07.17 16:35:45:530]  INFO tables.LevelUpTable: LevelUpData: Loaded 103 Character Level Up Templates.
[21.07.17 16:35:45:535]  INFO tables.PetSkillsTable: PetSkillsTable: Loaded 2558 skills.
[21.07.17 16:35:45:535]  INFO gameserver.GameServer: ---------------------------------------------------------------=[ Auctioneer ]
[21.07.17 16:35:45:537]  INFO itemauction.ItemAuctionManager: Initializing ItemAuctionManager
[21.07.17 16:35:45:551]  INFO itemauction.ItemAuctionInstance: ItemAuction: Loaded 37 item(s) and registered 1 auction(s) for instance 32320.
[21.07.17 16:35:45:552]  INFO itemauction.ItemAuctionInstance: ItemAuction: Schedule next auction 1 on 2017.07.25 17:00:00 for instance 32320
[21.07.17 16:35:45:554]  INFO itemauction.ItemAuctionInstance: ItemAuction: Loaded 37 item(s) and registered 1 auction(s) for instance 32321.
[21.07.17 16:35:45:554]  INFO itemauction.ItemAuctionInstance: ItemAuction: Schedule next auction 2 on 2017.07.27 17:00:00 for instance 32321
[21.07.17 16:35:45:560]  INFO itemauction.ItemAuctionInstance: ItemAuction: Loaded 37 item(s) and registered 1 auction(s) for instance 32322.
[21.07.17 16:35:45:560]  INFO itemauction.ItemAuctionInstance: ItemAuction: Schedule next auction 3 on 2017.07.22 17:00:00 for instance 32322
[21.07.17 16:35:45:562]  INFO itemauction.ItemAuctionManager: ItemAuctionManager: Loaded 3 instance(s).
[21.07.17 16:35:45:563]  INFO gameserver.GameServer: ===============[Loading RAIDBOSS]==================
[21.07.17 16:35:45:586]  INFO bosses.AntharasManager: AntharasManager: State of Antharas is NOTSPAWN.
[21.07.17 16:35:45:587]  INFO bosses.AntharasManager: AntharasManager: Next spawn date of Antharas is 18:00 31.12.1969.
[21.07.17 16:35:45:589]  INFO bosses.BaiumManager: BaiumManager: State of Baium is NOTSPAWN.
[21.07.17 16:35:45:593]  INFO bosses.BaiumManager: BaiumManager: Next spawn date: 18:00 31.12.1969
[21.07.17 16:35:45:604]  INFO bosses.BelethManager: Beleth Manager: Loaded successfuly
[21.07.17 16:35:45:607]  INFO bosses.FourSepulchersSpawn: FourSepulchersManager: Loaded 20 Mysterious-Box spawns.
[21.07.17 16:35:45:624]  INFO bosses.FourSepulchersSpawn: FourSepulchersManager: loaded 716 physical monsters spawns.
[21.07.17 16:35:45:641]  INFO bosses.FourSepulchersSpawn: FourSepulchersManager: loaded 716 magical monsters spawns.
[21.07.17 16:35:45:645]  INFO bosses.FourSepulchersSpawn: FourSepulchersManager: loaded 92 Church of duke monsters spawns.
[21.07.17 16:35:45:649]  INFO bosses.FourSepulchersSpawn: FourSepulchersManager: loaded 68 Emperor's grave NPC spawns.
[21.07.17 16:35:45:651]  INFO bosses.FourSepulchersSpawn: FourSepulchersManager: Spawned Conquerors' Sepulcher Manager
[21.07.17 16:35:45:651]  INFO bosses.FourSepulchersSpawn: FourSepulchersManager: Spawned Emperors' Sepulcher Manager
[21.07.17 16:35:45:652]  INFO bosses.FourSepulchersSpawn: FourSepulchersManager: Spawned Great Sages' Sepulcher Manager
[21.07.17 16:35:45:654]  INFO bosses.FourSepulchersSpawn: FourSepulchersManager: Spawned Judges' Sepulcher Manager
[21.07.17 16:35:45:659]  INFO bosses.FourSepulchersManager: FourSepulchersManager: Beginning in Attack time
[21.07.17 16:35:45:661]  INFO bosses.SailrenManager: SailrenManager: State of Sailren is NOTSPAWN.
[21.07.17 16:35:45:662]  INFO bosses.SailrenManager: SailrenManager: Next spawn date of Sailren is 18:00 31.12.1969.
[21.07.17 16:35:45:664]  INFO threading.RunnableImpl: Fri Jul 21 16:35:45 CST 2017 Atk announce scheduled to 35.0 minute of this hour.
[21.07.17 16:35:45:664]  INFO bosses.ValakasManager: ValakasManager: State of Valakas is NOTSPAWN.
[21.07.17 16:35:45:666]  INFO bosses.ValakasManager: ValakasManager: Next spawn date of Valakas is 18:00 31.12.1969.
[21.07.17 16:35:45:796]  INFO tables.PetDataTable: PetDataTable: Loaded 3870 pets.
[21.07.17 16:35:45:799]  INFO model.Manor: ManorManager: Loaded 270 seeds
[21.07.17 16:35:45:807]  INFO voicecommands.DressMe: Dress me system: Load 45 Sword(s).
[21.07.17 16:35:45:807]  INFO voicecommands.DressMe: Dress me system: Load 25 Blunt(s).
[21.07.17 16:35:45:807]  INFO voicecommands.DressMe: Dress me system: Load 23 Dagger(s).
[21.07.17 16:35:45:809]  INFO voicecommands.DressMe: Dress me system: Load 22 Bow(s).
[21.07.17 16:35:45:811]  INFO voicecommands.DressMe: Dress me system: Load 31 Pole(s).
[21.07.17 16:35:45:812]  INFO voicecommands.DressMe: Dress me system: Load 1 Fist(s).
[21.07.17 16:35:45:814]  INFO voicecommands.DressMe: Dress me system: Load 102 Dual Sword(s).
[21.07.17 16:35:45:815]  INFO voicecommands.DressMe: Dress me system: Load 22 Dual Fist(s).
[21.07.17 16:35:45:816]  INFO voicecommands.DressMe: Dress me system: Load 27 Big Sword(s).
[21.07.17 16:35:45:818]  INFO voicecommands.DressMe: Dress me system: Load 4 Rod(s).
[21.07.17 16:35:45:820]  INFO voicecommands.DressMe: Dress me system: Load 44 Big Blunt(s).
[21.07.17 16:35:45:825]  INFO voicecommands.DressMe: Dress me system: Load 20 Crossbow(s).
[21.07.17 16:35:45:826]  INFO voicecommands.DressMe: Dress me system: Load 21 Rapier(s).
[21.07.17 16:35:45:828]  INFO voicecommands.DressMe: Dress me system: Load 21 Ancient Sword(s).
[21.07.17 16:35:45:829]  INFO voicecommands.DressMe: Dress me system: Load 9 Dual Dagger(s).
[21.07.17 16:35:46:082]  INFO scriptconfig.ScriptConfig: Loaded Service: ScripsConfig
[21.07.17 16:35:46:090]  INFO model.Player: Loaded Service: SellPcService
[21.07.17 16:35:46:092]  INFO community.CareerManager: CommunityBoard: Manage Career service loaded.
[21.07.17 16:35:46:095]  INFO community.CommunityAuctionHouse: CommunityBoard: Auction System Service loaded.
[21.07.17 16:35:46:095]  INFO community.CommunityBoard: CommunityBoard: service loaded.
[21.07.17 16:35:46:096]  INFO community.CommunityBosses: CommunityBoard: Bosses loaded.
[21.07.17 16:35:46:103]  INFO community.CommunityClan: CommunityBoard: Clan Community service loaded.
[21.07.17 16:35:46:104]  INFO community.CommunityDropCalculator: CommunityBoard: Drop Calculator service loaded.
[21.07.17 16:35:46:104]  INFO community.CommunityEvents: CommunityBoard: Community Events service loaded.
[21.07.17 16:35:46:107]  INFO community.CommunityNpcs: CommunityBoard: Npcs loaded.
[21.07.17 16:35:46:109]  INFO community.CommunityWarehouse: CommunityBoard: Warehouse loaded.
[21.07.17 16:35:46:111]  INFO community.Forge: CommunityBoard: Forge loaded.
[21.07.17 16:35:46:115]  INFO community.RankingCommunity: Ranking in the commynity board has been updated.
[21.07.17 16:35:46:116]  INFO community.ServicesCommunity: ServicesCommunity: Services Community service loaded.
[21.07.17 16:35:46:117]  INFO community.StatManager: CommunityBoard: Statistic service loaded.
[21.07.17 16:35:46:125]  INFO gameserver.GameServer: ===============[Spawn Manager]==================
[21.07.17 16:35:46:238]  INFO instancemanager.SpawnManager: SpawnManager: spawned 1000 npc for group: NONE
[21.07.17 16:35:46:357]  INFO instancemanager.SpawnManager: SpawnManager: spawned 2000 npc for group: NONE
[21.07.17 16:35:46:878]  INFO naia.NaiaTowerManager: Naia Tower Manager: Loaded 12 rooms
[21.07.17 16:35:47:088]  INFO instancemanager.SpawnManager: SpawnManager: spawned 8000 npc for group: NONE
[21.07.17 16:35:47:847]  INFO instancemanager.SpawnManager: SpawnManager: spawned 13000 npc for group: NONE
[21.07.17 16:35:47:991]  INFO instancemanager.SpawnManager: SpawnManager: spawned 14000 npc for group: NONE
[21.07.17 16:35:48:451]  INFO instancemanager.SpawnManager: SpawnManager: spawned 17000 npc for group: NONE
[21.07.17 16:35:48:727]  INFO instancemanager.SpawnManager: SpawnManager: spawned 19000 npc for group: NONE
[21.07.17 16:35:48:884]  INFO instancemanager.SpawnManager: SpawnManager: spawned 20000 npc for group: NONE
[21.07.17 16:35:49:060]  INFO instancemanager.SpawnManager: SpawnManager: spawned 21000 npc for group: NONE
[21.07.17 16:35:49:234]  INFO instancemanager.SpawnManager: SpawnManager: spawned 22000 npc for group: NONE
[21.07.17 16:35:49:418]  INFO instancemanager.SpawnManager: SpawnManager: spawned 23000 npc for group: NONE
[21.07.17 16:35:49:613]  INFO instancemanager.SpawnManager: SpawnManager: spawned 24000 npc for group: NONE
[21.07.17 16:35:51:636]  INFO instancemanager.SpawnManager: SpawnManager: spawned 33000 npc for group: NONE
[21.07.17 16:35:53:199]  INFO instancemanager.SpawnManager: SpawnManager: spawned 37000 npc for group: NONE
[21.07.17 16:35:54:064]  INFO instancemanager.SpawnManager: SpawnManager: spawned 39000 npc for group: NONE
[21.07.17 16:35:54:142]  INFO instancemanager.SpawnManager: SpawnManager: spawned 39259 npc; spawns: 18159; group: NONE
[21.07.17 16:35:54:142]  INFO gameserver.GameServer: --------------------------------------------------------------------=[ Boats ]
[21.07.17 16:35:54:143]  INFO data.BoatHolder: BoatHolder: loaded 2 boat(s) count.
[21.07.17 16:35:54:147]  INFO data.BoatHolder: BoatHolder: Spawning: RunePrimeval_Vehicle
[21.07.17 16:35:54:147]  INFO data.BoatHolder: BoatHolder: Spawning: AdenGracia_Airship
[21.07.17 16:35:54:148]  INFO holder.StaticObjectHolder: StaticObjectHolder: spawned: 50 static object(s).
[21.07.17 16:35:54:150]  INFO gameserver.GameServer: ---------------------------------------------------------=[ Dimensional Rift ]
[21.07.17 16:35:54:161]  INFO instancemanager.DimensionalRiftManager: DimensionalRiftManager: Loaded 13 room types with 112 rooms.
[21.07.17 16:35:54:161]  INFO instancemanager.DimensionalRiftManager: DimensionalRiftManager: Loaded 300 DimensionalRift spawns, 0 errors.
[21.07.17 16:35:54:163]  INFO gameserver.GameServer: --------------------------------------------------------------=[ Seven Signs ]
[21.07.17 16:35:54:180]  INFO instancemanager.AutoSpawnManager: AutoSpawnHandler: Loaded 50 handlers in total.
[21.07.17 16:35:54:180]  INFO gameserver.GameServer: ===================[Loading Olympiad System]=======================
[21.07.17 16:35:54:186]  INFO olympiad.Olympiad: Olympiad System: Loading Olympiad System....
[21.07.17 16:35:54:186]  INFO olympiad.Olympiad: Olympiad System: Currently in Olympiad Period
[21.07.17 16:35:54:187]  INFO olympiad.Olympiad: Olympiad System: Period Ends....
[21.07.17 16:35:54:189]  INFO olympiad.Olympiad: Olympiad System: In 10 days, 7 hours and 24 mins.
[21.07.17 16:35:54:191]  INFO olympiad.Olympiad: Olympiad System: Next Weekly Change is in....
[21.07.17 16:35:54:192]  INFO olympiad.Olympiad: Olympiad System: In 6 days, 23 hours and 45 mins.
[21.07.17 16:35:54:194]  INFO olympiad.Olympiad: Olympiad System: Loaded 0 Noblesses
[21.07.17 16:35:54:196]  INFO olympiad.Olympiad: Olympiad System: Competition Period Starts in 0 days, 1 hours and 24 mins.
[21.07.17 16:35:54:197]  INFO olympiad.Olympiad: Olympiad System: Event starts/started: Fri Jul 21 18:00:54 CST 2017
[21.07.17 16:35:54:201]  INFO entity.Hero: Hero System: Loaded 0 Heroes.
[21.07.17 16:35:54:201]  INFO entity.Hero: Hero System: Loaded 0 all time Heroes.
[21.07.17 16:35:54:205]  INFO gameserver.GameServer: ===================[Olympiad System Loaded]=======================
[21.07.17 16:35:54:209]  INFO instancemanager.PetitionManager: Initializing PetitionManager
[21.07.17 16:35:54:214]  INFO instancemanager.CursedWeaponsManager: CursedWeaponsManager: Loaded 2 cursed weapon(s).
[21.07.17 16:35:54:214]  INFO gameserver.GameServer: ======================[Loading BALANCER]==========================
[21.07.17 16:35:54:238]  INFO gameserver.GameServer: ======================[Loading BALANCER]==========================
[21.07.17 16:35:54:239]  INFO gameserver.GameServer: -----------------------------------------------------------=[ Admin Commands ]
[21.07.17 16:35:54:242]  INFO admincommands.AdminCommandHandler: AdminCommandHandler: loaded 422 admin command handler(s) count.
[21.07.17 16:35:54:243]  INFO gameserver.GameServer: ---------------------------------------------------------=[ Players Commands ]
[21.07.17 16:35:54:249]  INFO usercommands.UserCommandHandler: UserCommandHandler: loaded 16 user command handler(s) count.
[21.07.17 16:35:54:249]  INFO voicecommands.VoicedCommandHandler: VoicedCommandHandler: loaded 96 voiced command handler(s) count.
[21.07.17 16:35:54:254]  INFO gameserver.GameServer: ======================[Loading Castels & Clan Halls]==========================
[21.07.17 16:35:54:330]  INFO impl.CastleSiegeEvent: CastleSiegeEvent: Gludio Castle time - 16:00 23.07.2017
[21.07.17 16:35:54:338]  INFO impl.CastleSiegeEvent: CastleSiegeEvent: Dion Castle time - 16:00 23.07.2017
[21.07.17 16:35:54:346]  INFO impl.CastleSiegeEvent: CastleSiegeEvent: Giran Castle time - 20:00 23.07.2017
[21.07.17 16:35:54:353]  INFO impl.CastleSiegeEvent: CastleSiegeEvent: Oren Castle time - 20:00 23.07.2017
[21.07.17 16:35:54:361]  INFO impl.CastleSiegeEvent: CastleSiegeEvent: Aden Castle time - 16:00 23.07.2017
[21.07.17 16:35:54:371]  INFO impl.CastleSiegeEvent: CastleSiegeEvent: Innadril Castle time - 20:00 23.07.2017
[21.07.17 16:35:54:379]  INFO impl.CastleSiegeEvent: CastleSiegeEvent: Goddard Castle time - 20:00 23.07.2017
[21.07.17 16:35:54:410]  INFO impl.CastleSiegeEvent: CastleSiegeEvent: Rune Castle time - 16:00 23.07.2017
[21.07.17 16:35:54:419]  INFO impl.CastleSiegeEvent: CastleSiegeEvent: Schuttgart Castle time - 16:00 23.07.2017
[21.07.17 16:35:54:422]  INFO impl.ClanHallNpcSiegeEvent: ClanHallNpcSiegeEvent: Fortress Of Resistance time - 18:00 24.07.2017
[21.07.17 16:35:54:424]  INFO impl.ClanHallAuctionEvent: ClanHallAuctionEvent: Moonstone Hall time - 15:00 17.07.2017
[21.07.17 16:35:54:424]  INFO impl.ClanHallAuctionEvent: ClanHallAuctionEvent: Onyx Hall time - 15:00 17.07.2017
[21.07.17 16:35:54:425]  INFO impl.ClanHallAuctionEvent: ClanHallAuctionEvent: Topaz Hall time - 15:00 17.07.2017
[21.07.17 16:35:54:427]  INFO impl.ClanHallAuctionEvent: ClanHallAuctionEvent: Ruby Hall time - 15:00 17.07.2017
[21.07.17 16:35:54:428]  INFO impl.ClanHallAuctionEvent: ClanHallAuctionEvent: Crystal Hall time - 15:00 17.07.2017
[21.07.17 16:35:54:430]  INFO impl.ClanHallAuctionEvent: ClanHallAuctionEvent: Onyx Hall time - 15:00 17.07.2017
[21.07.17 16:35:54:431]  INFO impl.ClanHallAuctionEvent: ClanHallAuctionEvent: Sapphire Hall time - 15:00 17.07.2017
[21.07.17 16:35:54:433]  INFO impl.ClanHallAuctionEvent: ClanHallAuctionEvent: Moonstone Hall time - 15:00 17.07.2017
[21.07.17 16:35:54:438]  INFO impl.ClanHallAuctionEvent: ClanHallAuctionEvent: Emerald Hall time - 15:00 17.07.2017
[21.07.17 16:35:54:440]  INFO impl.ClanHallAuctionEvent: ClanHallAuctionEvent: The Atramental Barracks time - 15:00 17.07.2017
[21.07.17 16:35:54:441]  INFO impl.ClanHallAuctionEvent: ClanHallAuctionEvent: The Scarlet Barracks time - 15:00 17.07.2017
[21.07.17 16:35:54:443]  INFO impl.ClanHallAuctionEvent: ClanHallAuctionEvent: The Viridian Barracks time - 15:00 17.07.2017
[21.07.17 16:35:54:444]  INFO impl.ClanHallSiegeEvent: ClanHallSiegeEvent: Devastated Castle time - 18:00 22.07.2017
[21.07.17 16:35:54:445]  INFO impl.ClanHallTeamBattleEvent: ClanHallTeamBattleEvent: Bandit Stronghold time - 22:00 22.07.2017
[21.07.17 16:35:54:447]  INFO impl.ClanHallAuctionEvent: ClanHallAuctionEvent: The Golden Chamber time - 15:00 17.07.2017
[21.07.17 16:35:54:449]  INFO impl.ClanHallAuctionEvent: ClanHallAuctionEvent: The Silver Chamber time - 15:00 17.07.2017
[21.07.17 16:35:54:451]  INFO impl.ClanHallAuctionEvent: ClanHallAuctionEvent: The Mithril Chamber time - 15:00 17.07.2017
[21.07.17 16:35:54:456]  INFO impl.ClanHallAuctionEvent: ClanHallAuctionEvent: Silver Manor time - 15:00 17.07.2017
[21.07.17 16:35:54:457]  INFO impl.ClanHallAuctionEvent: ClanHallAuctionEvent: Gold Manor time - 15:00 17.07.2017
[21.07.17 16:35:54:459]  INFO impl.ClanHallAuctionEvent: ClanHallAuctionEvent: The Bronze Chamber time - 15:00 17.07.2017
[21.07.17 16:35:54:461]  INFO impl.ClanHallAuctionEvent: ClanHallAuctionEvent: The Golden Chamber time - 15:00 17.07.2017
[21.07.17 16:35:54:462]  INFO impl.ClanHallAuctionEvent: ClanHallAuctionEvent: The Silver Chamber time - 15:00 17.07.2017
[21.07.17 16:35:54:463]  INFO impl.ClanHallAuctionEvent: ClanHallAuctionEvent: The Mithril Chamber time - 15:00 17.07.2017
[21.07.17 16:35:54:465]  INFO impl.ClanHallAuctionEvent: ClanHallAuctionEvent: The Bronze Chamber time - 15:00 17.07.2017
[21.07.17 16:35:54:467]  INFO impl.ClanHallAuctionEvent: ClanHallAuctionEvent: Silver Manor time - 15:00 17.07.2017
[21.07.17 16:35:54:472]  INFO impl.ClanHallAuctionEvent: ClanHallAuctionEvent: Moonstone Hall time - 15:00 17.07.2017
[21.07.17 16:35:54:474]  INFO impl.ClanHallAuctionEvent: ClanHallAuctionEvent: Onyx Hall time - 15:00 17.07.2017
[21.07.17 16:35:54:475]  INFO impl.ClanHallAuctionEvent: ClanHallAuctionEvent: Emerald Hall time - 15:00 17.07.2017
[21.07.17 16:35:54:477]  INFO impl.ClanHallAuctionEvent: ClanHallAuctionEvent: Sapphire Hall time - 15:00 17.07.2017
[21.07.17 16:35:54:478]  INFO impl.ClanHallAuctionEvent: ClanHallAuctionEvent: Mont Chamber time - 15:00 17.07.2017
[21.07.17 16:35:54:480]  INFO impl.ClanHallAuctionEvent: ClanHallAuctionEvent: Astaire Chamber time - 15:00 17.07.2017
[21.07.17 16:35:54:481]  INFO impl.ClanHallAuctionEvent: ClanHallAuctionEvent: Aria Chamber time - 15:00 17.07.2017
[21.07.17 16:35:54:483]  INFO impl.ClanHallAuctionEvent: ClanHallAuctionEvent: Yiana Chamber time - 15:00 17.07.2017
[21.07.17 16:35:54:485]  INFO impl.ClanHallAuctionEvent: ClanHallAuctionEvent: Roien Chamber time - 15:00 17.07.2017
[21.07.17 16:35:54:489]  INFO impl.ClanHallAuctionEvent: ClanHallAuctionEvent: Luna Chamber time - 15:00 17.07.2017
[21.07.17 16:35:54:491]  INFO impl.ClanHallAuctionEvent: ClanHallAuctionEvent: Traban Chamber time - 15:00 17.07.2017
[21.07.17 16:35:54:493]  INFO impl.ClanHallAuctionEvent: ClanHallAuctionEvent: Eisen Hall time - 15:00 17.07.2017
[21.07.17 16:35:54:494]  INFO impl.ClanHallAuctionEvent: ClanHallAuctionEvent: Heavy Metal Hall time - 15:00 17.07.2017
[21.07.17 16:35:54:496]  INFO impl.ClanHallAuctionEvent: ClanHallAuctionEvent: Molten Ore Hall time - 15:00 17.07.2017
[21.07.17 16:35:54:497]  INFO impl.ClanHallAuctionEvent: ClanHallAuctionEvent: Titan Hall time - 15:00 17.07.2017
[21.07.17 16:35:54:500]  INFO impl.ClanHallMiniGameEvent: ClanHallMiniGameEvent: Rainbow Springs time - 22:00 22.07.2017
[21.07.17 16:35:54:501]  INFO impl.ClanHallTeamBattleEvent: ClanHallTeamBattleEvent: Wild Beast Reserve time - 21:00 22.07.2017
[21.07.17 16:35:54:506]  INFO impl.ClanHallSiegeEvent: ClanHallSiegeEvent: Fortress of Dead time - 18:00 22.07.2017
[21.07.17 16:35:54:512]  INFO impl.DominionSiegeEvent: DominionSiegeEvent: Gludio Dominion time - undefined
[21.07.17 16:35:54:514]  INFO impl.DominionSiegeEvent: DominionSiegeEvent: Dion Dominion time - undefined
[21.07.17 16:35:54:514]  INFO impl.DominionSiegeEvent: DominionSiegeEvent: Giran Dominion time - undefined
[21.07.17 16:35:54:515]  INFO impl.DominionSiegeEvent: DominionSiegeEvent: Oren Dominion time - undefined
[21.07.17 16:35:54:518]  INFO impl.DominionSiegeEvent: DominionSiegeEvent: Aden Dominion time - undefined
[21.07.17 16:35:54:523]  INFO impl.DominionSiegeEvent: DominionSiegeEvent: Innadril Dominion time - undefined
[21.07.17 16:35:54:524]  INFO impl.DominionSiegeEvent: DominionSiegeEvent: Goddard Dominion time - undefined
[21.07.17 16:35:54:526]  INFO impl.DominionSiegeEvent: DominionSiegeEvent: Rune Dominion time - undefined
[21.07.17 16:35:54:527]  INFO impl.DominionSiegeEvent: DominionSiegeEvent: Schuttgart Dominion time - undefined
[21.07.17 16:35:54:535]  INFO impl.FortressSiegeEvent: FortressSiegeEvent: Shanty Fortress time - undefined
[21.07.17 16:35:54:542]  INFO impl.FortressSiegeEvent: FortressSiegeEvent: Southern Fortress time - undefined
[21.07.17 16:35:54:551]  INFO impl.FortressSiegeEvent: FortressSiegeEvent: Hive Fortress time - undefined
[21.07.17 16:35:54:561]  INFO impl.FortressSiegeEvent: FortressSiegeEvent: Valley Fortress time - undefined
[21.07.17 16:35:54:569]  INFO impl.FortressSiegeEvent: FortressSiegeEvent: Ivory Fortress time - undefined
[21.07.17 16:35:54:578]  INFO impl.FortressSiegeEvent: FortressSiegeEvent: Narsell Fortress time - undefined
[21.07.17 16:35:54:586]  INFO impl.FortressSiegeEvent: FortressSiegeEvent: Bayou Fortress time - undefined
[21.07.17 16:35:54:594]  INFO impl.FortressSiegeEvent: FortressSiegeEvent: White Sands Fortress time - undefined
[21.07.17 16:35:54:601]  INFO impl.FortressSiegeEvent: FortressSiegeEvent: Borderland Fortress time - undefined
[21.07.17 16:35:54:609]  INFO impl.FortressSiegeEvent: FortressSiegeEvent: Swamp Fortress time - undefined
[21.07.17 16:35:54:617]  INFO impl.FortressSiegeEvent: FortressSiegeEvent: Archaic Fortress time - undefined
[21.07.17 16:35:54:627]  INFO impl.FortressSiegeEvent: FortressSiegeEvent: Floran Fortress time - undefined
[21.07.17 16:35:54:637]  INFO impl.FortressSiegeEvent: FortressSiegeEvent: Cloud Mountain Fortress time - undefined
[21.07.17 16:35:54:646]  INFO impl.FortressSiegeEvent: FortressSiegeEvent: Tanor Fortress time - undefined
[21.07.17 16:35:54:654]  INFO impl.FortressSiegeEvent: FortressSiegeEvent: Dragonspine Fortress time - undefined
[21.07.17 16:35:54:662]  INFO impl.FortressSiegeEvent: FortressSiegeEvent: Antharas Fortress time - undefined
[21.07.17 16:35:54:670]  INFO impl.FortressSiegeEvent: FortressSiegeEvent: Western Fortress time - undefined
[21.07.17 16:35:54:678]  INFO impl.FortressSiegeEvent: FortressSiegeEvent: Hunter's Fortress time - undefined
[21.07.17 16:35:54:686]  INFO impl.FortressSiegeEvent: FortressSiegeEvent: Aaru Fortress time - undefined
[21.07.17 16:35:54:695]  INFO impl.FortressSiegeEvent: FortressSiegeEvent: Demon Fortress time - undefined
[21.07.17 16:35:54:705]  INFO impl.FortressSiegeEvent: FortressSiegeEvent: Monastic Fortress time - undefined
[21.07.17 16:35:54:706]  INFO impl.KrateisCubeEvent: KrateisCubeEvent: Krateis Cube 70-75 Level time - 17:00 21.07.2017
[21.07.17 16:35:54:706]  INFO impl.KrateisCubeEvent: KrateisCubeEvent: Krateis Cube 76-79 Level time - 17:00 21.07.2017
[21.07.17 16:35:54:706]  INFO impl.KrateisCubeEvent: KrateisCubeEvent: Krateis Cube 80-85 Level time - 17:00 21.07.2017
[21.07.17 16:35:54:707]  INFO fightclub.LastManStandingEvent: LastManStandingEvent: Last Hero time - 18:00 31.12.1969
[21.07.17 16:35:54:707]  INFO fightclub.TeamVSTeamEvent: TeamVSTeamEvent: Team VS Team time - 18:00 31.12.1969
[21.07.17 16:35:54:707]  INFO fightclub.LuckyCreaturesEvent: LuckyCreaturesEvent: Lucky Creatures time - 18:00 31.12.1969
[21.07.17 16:35:54:707]  INFO fightclub.CaptureTheFlagEvent: CaptureTheFlagEvent: Capture The Flag time - 18:00 31.12.1969
[21.07.17 16:35:54:708]  INFO fightclub.FFATreasureHuntEvent: FFATreasureHuntEvent: Treasure Hunt time - 18:00 31.12.1969
[21.07.17 16:35:54:708]  INFO fightclub.KoreanStyleEvent: KoreanStyleEvent: Korean Style time - 18:00 31.12.1969
[21.07.17 16:35:54:709]  INFO instancemanager.CastleManorManager: Manor System: Initializing...
[21.07.17 16:35:54:714]  INFO gameserver.GameServer: ==============================================================================
[21.07.17 16:35:54:715]  INFO gameserver.GameServer: -------------------------------------------------------------=[ Auto Cleaner ]
[21.07.17 16:35:54:715]  INFO gameserver.GameServer: IdFactory: Free ObjectID's remaining: 1879003867
[21.07.17 16:35:54:715]  INFO gameserver.GameServer: ==============================================================================
[21.07.17 16:35:54:716]  INFO instancemanager.CoupleManager: Initializing CoupleManager
[21.07.17 16:35:54:717]  INFO instancemanager.CoupleManager: Loaded: 0 couples(s)
[21.07.17 16:35:54:719]  INFO gameserver.GameServer: ----------------------------------------------------------------=[ Hellbound ]
[21.07.17 16:35:54:731]  INFO instancemanager.HellboundManager: HellboundManager: Loaded 335 spawn entries.
[21.07.17 16:35:54:987]  INFO instancemanager.HellboundManager: HellboundManager: Spawned 623 mobs and NPCs according to the current Hellbound stage
[21.07.17 16:35:54:988]  INFO instancemanager.HellboundManager: Hellbound Manager: Loaded
[21.07.17 16:35:54:988]  INFO naia.NaiaTowerManager: Naia Core Manager: Loaded
[21.07.17 16:35:54:988]  INFO gameserver.GameServer: ==============================================================================
[21.07.17 16:35:54:989]  INFO instancemanager.SoDManager: Seed of Destruction Manager: Loaded
[21.07.17 16:35:54:990]  INFO instancemanager.SoIManager: Seed of Infinity Manager: Loaded. Current stage is: 1
[21.07.17 16:35:54:991]  INFO instancemanager.SpawnManager: SpawnManager: spawned 4 npc; spawns: 4; group: soi_world_mouths
[21.07.17 16:35:54:992]  INFO instancemanager.SpawnManager: SpawnManager: spawned 1 npc; spawns: 1; group: soi_world_abyssgaze2
[21.07.17 16:35:54:993]  INFO instancemanager.BloodAltarManager: Blood Altar Manager: Initializing...
[21.07.17 16:35:55:008]  INFO instancemanager.SpawnManager: SpawnManager: spawned 51 npc; spawns: 51; group: bloodaltar_alive_npc
[21.07.17 16:35:55:012]  INFO gameserver.GameServer: Preparing Drop Calculator
[21.07.17 16:35:55:176]  INFO gameserver.GameServer: ----------------------------------------------------------=[ Offline Buffers ]
[21.07.17 16:35:55:177]  INFO datatables.OfflineBuffersTable: OfflineBuffersTable: Loading offline buffers...
[21.07.17 16:35:55:178]  INFO datatables.OfflineBuffersTable: OfflineBuffersTable: Loaded: 0 offline buffer(s)
[21.07.17 16:35:55:178]  INFO gameserver.GameServer: ==============================================================================
[21.07.17 16:35:55:178]  INFO gameserver.GameServer: >>>>>>>>>> GameServer Started <<<<<<<<<
[21.07.17 16:35:55:178]  INFO gameserver.GameServer: Maximum Numbers of Connected Players: 3500
[21.07.17 16:35:55:179]  INFO gameserver.GameServer: ===============[Protection Database]==================
[21.07.17 16:35:55:179]  INFO dao.CharacterDAO: Found 0 characters to delete!
[21.07.17 16:35:55:179]  INFO gameserver.GameServer: ==============================================================================
[21.07.17 16:35:55:266]  INFO instancemanager.AutoAnnounce: AutoAnnounce: Initializing
[21.07.17 16:35:55:267]  INFO instancemanager.AutoAnnounce: AutoAnnounce: Load OK
[21.07.17 16:35:55:267]  INFO instancemanager.AutoAnnounce: AutoAnnounce: Loaded 0 announce.
[21.07.17 16:35:55:283]  INFO achievements.Achievements: Achievement System: Loaded 4 achievement categories and 36 achievements.
[21.07.17 16:35:55:643]  INFO instancemanager.SpawnManager: SpawnManager: spawned 443 npc; spawns: 121; group: DAY
[21.07.17 16:35:55:805]  INFO instancemanager.SpawnManager: SpawnManager: spawned 653 npc; spawns: 429; group: dawn_spawn
[21.07.17 16:35:56:173]  INFO instancemanager.SpawnManager: SpawnManager: spawned 653 npc; spawns: 429; group: dusk_spawn
[21.07.17 16:35:56:173]  INFO gameserver.GameServer: Telnet server is currently disabled.
[21.07.17 16:35:56:178]  INFO loginservercon.AuthServerCommunication: Connecting to authserver on 127.0.0.1:9014
[21.07.17 16:35:56:192]  INFO lspackets.AuthResponse: Registered on authserver as 4 [L2MYTHRAS-LIVE]
[21.07.17 16:37:35:268]  INFO tasks.RestoreOfflineTraders: Restored 0 offline traders
[21.07.17 16:50:45:663]  INFO threading.RunnableImpl: FourSepulchersManager: Entry time: Fri Jul 21 16:55:45 CST 2017
[21.07.17 17:06:00:187]  INFO fightclubmanager.FightClubEventManager: Equalizing FC Room, before:0 toRemove:0 after:0 to Change:0
[21.07.17 17:06:00:187]  INFO fightclubmanager.FightClubEventManager: Equalizing FC Room, Before: 0 Final:0
[21.07.17 17:06:00:187]  INFO fightclubmanager.FightClubEventManager: Capture The Flag: Removing room because it doesnt have enough players
